\BOOKMARK [0][-]{chapter*.1}{Abstract}{}% 1
\BOOKMARK [0][-]{chapter*.2}{Acknowledgements}{}% 2
\BOOKMARK [0][-]{chapter*.3}{Table of Contents}{}% 3
\BOOKMARK [0][-]{chapter*.3}{List of Tables}{}% 4
\BOOKMARK [0][-]{chapter*.4}{List of Figures}{}% 5
\BOOKMARK [0][-]{chapter*.6}{Abbreviations}{}% 6
\BOOKMARK [0][-]{chapter.1}{Introduction and Background}{}% 7
\BOOKMARK [1][-]{section.1.1}{The Game}{chapter.1}% 8
\BOOKMARK [2][-]{subsection.1.1.1}{Serious Games}{section.1.1}% 9
\BOOKMARK [1][-]{section.1.2}{Architectural Patterns}{chapter.1}% 10
\BOOKMARK [2][-]{subsection.1.2.1}{MVC}{section.1.2}% 11
\BOOKMARK [2][-]{subsection.1.2.2}{Singleton}{section.1.2}% 12
\BOOKMARK [1][-]{section.1.3}{Test Driven Development}{chapter.1}% 13
\BOOKMARK [2][-]{subsection.1.3.1}{Subsection header 1}{section.1.3}% 14
\BOOKMARK [1][-]{section.1.4}{Git Hub, Version Control}{chapter.1}% 15
\BOOKMARK [1][-]{section.1.5}{Games Development}{chapter.1}% 16
\BOOKMARK [2][-]{subsection.1.5.1}{Unity Engine}{section.1.5}% 17
\BOOKMARK [0][-]{chapter.2}{Literature Review}{}% 18
\BOOKMARK [1][-]{section.2.1}{Abstract}{chapter.2}% 19
\BOOKMARK [1][-]{section.2.2}{Introduction}{chapter.2}% 20
\BOOKMARK [1][-]{section.2.3}{Related Work}{chapter.2}% 21
\BOOKMARK [1][-]{section.2.4}{RobotOn!}{chapter.2}% 22
\BOOKMARK [1][-]{section.2.5}{Alice2}{chapter.2}% 23
\BOOKMARK [1][-]{section.2.6}{Lightbot!}{chapter.2}% 24
\BOOKMARK [2][-]{subsection.2.6.1}{Computational thinking\(LightBot\)}{section.2.6}% 25
\BOOKMARK [2][-]{subsection.2.6.2}{The vertical axis}{section.2.6}% 26
\BOOKMARK [2][-]{subsection.2.6.3}{The Horizontal Axis}{section.2.6}% 27
\BOOKMARK [2][-]{subsection.2.6.4}{LightBot Case Study}{section.2.6}% 28
\BOOKMARK [2][-]{subsection.2.6.5}{Conclusion}{section.2.6}% 29
\BOOKMARK [1][-]{section.2.7}{section header 1}{chapter.2}% 30
\BOOKMARK [2][-]{subsection.2.7.1}{Subsection header 1}{section.2.7}% 31
\BOOKMARK [2][-]{subsection.2.7.2}{Subsection header 2}{section.2.7}% 32
\BOOKMARK [2][-]{subsection.2.7.3}{Subsection header 3}{section.2.7}% 33
\BOOKMARK [2][-]{subsection.2.7.4}{Subsection header 4}{section.2.7}% 34
\BOOKMARK [1][-]{section.2.8}{Notes}{chapter.2}% 35
\BOOKMARK [2][-]{subsection.2.8.1}{Research In action}{section.2.8}% 36
\BOOKMARK [1][-]{section.2.9}{Research Plan}{chapter.2}% 37
\BOOKMARK [2][-]{subsection.2.9.1}{Exploratory}{section.2.9}% 38
\BOOKMARK [2][-]{subsection.2.9.2}{Descriptive}{section.2.9}% 39
\BOOKMARK [2][-]{subsection.2.9.3}{Explanatory}{section.2.9}% 40
\BOOKMARK [0][-]{chapter.3}{Design and Implementation}{}% 41
\BOOKMARK [1][-]{section.3.1}{Direct Mode Design}{chapter.3}% 42
\BOOKMARK [1][-]{section.3.2}{Direct Mode Implementation}{chapter.3}% 43
\BOOKMARK [1][-]{section.3.3}{Progamming Mode Design}{chapter.3}% 44
\BOOKMARK [1][-]{section.3.4}{Progamming Mode Implementation}{chapter.3}% 45
\BOOKMARK [0][-]{section.3.4}{Bibliography}{}% 46
